<?xml version="1.0" encoding="UTF-8"?>
<testsuite xmlns:xsi="http://www.w3.org/2001/XMLSchema-instance" xsi:noNamespaceSchemaLocation="https://maven.apache.org/surefire/maven-surefire-plugin/xsd/surefire-test-report-3.0.xsd" version="3.0" name="com.amongus.bot.game.states.GameActiveStateTest" time="0.964" tests="15" errors="0" skipped="0" failures="0">
  <properties>
    <property name="java.specification.version" value="17"/>
    <property name="sun.cpu.isalist" value="amd64"/>
    <property name="sun.jnu.encoding" value="Cp1252"/>
    <property name="java.class.path" value="C:\Users\Xaser\Documents\AmongGame\target\test-classes;C:\Users\Xaser\Documents\AmongGame\target\classes;C:\Users\Xaser\.m2\repository\org\telegram\telegrambots\6.8.0\telegrambots-6.8.0.jar;C:\Users\Xaser\.m2\repository\org\telegram\telegrambots-meta\6.8.0\telegrambots-meta-6.8.0.jar;C:\Users\Xaser\.m2\repository\com\fasterxml\jackson\datatype\jackson-datatype-jsr310\2.14.2\jackson-datatype-jsr310-2.14.2.jar;C:\Users\Xaser\.m2\repository\com\fasterxml\jackson\core\jackson-annotations\2.14.2\jackson-annotations-2.14.2.jar;C:\Users\Xaser\.m2\repository\com\fasterxml\jackson\jaxrs\jackson-jaxrs-json-provider\2.14.2\jackson-jaxrs-json-provider-2.14.2.jar;C:\Users\Xaser\.m2\repository\com\fasterxml\jackson\jaxrs\jackson-jaxrs-base\2.14.2\jackson-jaxrs-base-2.14.2.jar;C:\Users\Xaser\.m2\repository\com\fasterxml\jackson\module\jackson-module-jaxb-annotations\2.14.2\jackson-module-jaxb-annotations-2.14.2.jar;C:\Users\Xaser\.m2\repository\jakarta\xml\bind\jakarta.xml.bind-api\2.3.3\jakarta.xml.bind-api-2.3.3.jar;C:\Users\Xaser\.m2\repository\org\glassfish\jersey\inject\jersey-hk2\2.35\jersey-hk2-2.35.jar;C:\Users\Xaser\.m2\repository\org\glassfish\jersey\core\jersey-common\2.35\jersey-common-2.35.jar;C:\Users\Xaser\.m2\repository\org\glassfish\hk2\osgi-resource-locator\1.0.3\osgi-resource-locator-1.0.3.jar;C:\Users\Xaser\.m2\repository\org\glassfish\hk2\hk2-locator\2.6.1\hk2-locator-2.6.1.jar;C:\Users\Xaser\.m2\repository\org\glassfish\hk2\external\aopalliance-repackaged\2.6.1\aopalliance-repackaged-2.6.1.jar;C:\Users\Xaser\.m2\repository\org\glassfish\hk2\hk2-api\2.6.1\hk2-api-2.6.1.jar;C:\Users\Xaser\.m2\repository\org\glassfish\hk2\hk2-utils\2.6.1\hk2-utils-2.6.1.jar;C:\Users\Xaser\.m2\repository\org\javassist\javassist\3.25.0-GA\javassist-3.25.0-GA.jar;C:\Users\Xaser\.m2\repository\org\glassfish\jersey\media\jersey-media-json-jackson\2.35\jersey-media-json-jackson-2.35.jar;C:\Users\Xaser\.m2\repository\org\glassfish\jersey\ext\jersey-entity-filtering\2.35\jersey-entity-filtering-2.35.jar;C:\Users\Xaser\.m2\repository\org\glassfish\jersey\containers\jersey-container-grizzly2-http\2.35\jersey-container-grizzly2-http-2.35.jar;C:\Users\Xaser\.m2\repository\org\glassfish\hk2\external\jakarta.inject\2.6.1\jakarta.inject-2.6.1.jar;C:\Users\Xaser\.m2\repository\org\glassfish\grizzly\grizzly-http-server\2.4.4\grizzly-http-server-2.4.4.jar;C:\Users\Xaser\.m2\repository\org\glassfish\grizzly\grizzly-http\2.4.4\grizzly-http-2.4.4.jar;C:\Users\Xaser\.m2\repository\org\glassfish\grizzly\grizzly-framework\2.4.4\grizzly-framework-2.4.4.jar;C:\Users\Xaser\.m2\repository\jakarta\ws\rs\jakarta.ws.rs-api\2.1.6\jakarta.ws.rs-api-2.1.6.jar;C:\Users\Xaser\.m2\repository\org\glassfish\jersey\core\jersey-server\2.35\jersey-server-2.35.jar;C:\Users\Xaser\.m2\repository\org\glassfish\jersey\core\jersey-client\2.35\jersey-client-2.35.jar;C:\Users\Xaser\.m2\repository\jakarta\annotation\jakarta.annotation-api\1.3.5\jakarta.annotation-api-1.3.5.jar;C:\Users\Xaser\.m2\repository\jakarta\validation\jakarta.validation-api\2.0.2\jakarta.validation-api-2.0.2.jar;C:\Users\Xaser\.m2\repository\org\apache\httpcomponents\httpclient\4.5.13\httpclient-4.5.13.jar;C:\Users\Xaser\.m2\repository\commons-logging\commons-logging\1.2\commons-logging-1.2.jar;C:\Users\Xaser\.m2\repository\commons-codec\commons-codec\1.11\commons-codec-1.11.jar;C:\Users\Xaser\.m2\repository\org\apache\httpcomponents\httpmime\4.5.13\httpmime-4.5.13.jar;C:\Users\Xaser\.m2\repository\org\telegram\telegrambotsextensions\6.8.0\telegrambotsextensions-6.8.0.jar;C:\Users\Xaser\.m2\repository\org\slf4j\slf4j-api\2.0.9\slf4j-api-2.0.9.jar;C:\Users\Xaser\.m2\repository\org\slf4j\slf4j-simple\2.0.9\slf4j-simple-2.0.9.jar;C:\Users\Xaser\.m2\repository\com\fasterxml\jackson\core\jackson-databind\2.15.2\jackson-databind-2.15.2.jar;C:\Users\Xaser\.m2\repository\com\fasterxml\jackson\core\jackson-core\2.15.2\jackson-core-2.15.2.jar;C:\Users\Xaser\.m2\repository\commons-io\commons-io\2.13.0\commons-io-2.13.0.jar;C:\Users\Xaser\.m2\repository\org\apache\maven\plugins\maven-javadoc-plugin\3.11.2\maven-javadoc-plugin-3.11.2.jar;C:\Users\Xaser\.m2\repository\org\apache\maven\resolver\maven-resolver-util\1.4.1\maven-resolver-util-1.4.1.jar;C:\Users\Xaser\.m2\repository\org\apache\maven\resolver\maven-resolver-api\1.4.1\maven-resolver-api-1.4.1.jar;C:\Users\Xaser\.m2\repository\javax\inject\javax.inject\1\javax.inject-1.jar;C:\Users\Xaser\.m2\repository\org\apache\maven\reporting\maven-reporting-api\4.0.0\maven-reporting-api-4.0.0.jar;C:\Users\Xaser\.m2\repository\org\apache\maven\maven-archiver\3.6.2\maven-archiver-3.6.2.jar;C:\Users\Xaser\.m2\repository\org\codehaus\plexus\plexus-interpolation\1.27\plexus-interpolation-1.27.jar;C:\Users\Xaser\.m2\repository\org\apache\maven\shared\maven-invoker\3.3.0\maven-invoker-3.3.0.jar;C:\Users\Xaser\.m2\repository\org\apache\maven\shared\maven-shared-utils\3.4.2\maven-shared-utils-3.4.2.jar;C:\Users\Xaser\.m2\repository\org\apache\maven\shared\maven-common-artifact-filters\3.4.0\maven-common-artifact-filters-3.4.0.jar;C:\Users\Xaser\.m2\repository\org\apache\maven\doxia\doxia-sink-api\2.0.0\doxia-sink-api-2.0.0.jar;C:\Users\Xaser\.m2\repository\org\apache\maven\doxia\doxia-site-renderer\2.0.0\doxia-site-renderer-2.0.0.jar;C:\Users\Xaser\.m2\repository\org\apache\maven\doxia\doxia-core\2.0.0\doxia-core-2.0.0.jar;C:\Users\Xaser\.m2\repository\org\apache\maven\doxia\doxia-site-model\2.0.0\doxia-site-model-2.0.0.jar;C:\Users\Xaser\.m2\repository\org\apache\maven\doxia\doxia-skin-model\2.0.0\doxia-skin-model-2.0.0.jar;C:\Users\Xaser\.m2\repository\org\apache\maven\doxia\doxia-module-xhtml5\2.0.0\doxia-module-xhtml5-2.0.0.jar;C:\Users\Xaser\.m2\repository\org\eclipse\sisu\org.eclipse.sisu.plexus\0.9.0.M3\org.eclipse.sisu.plexus-0.9.0.M3.jar;C:\Users\Xaser\.m2\repository\org\eclipse\sisu\org.eclipse.sisu.inject\0.9.0.M3\org.eclipse.sisu.inject-0.9.0.M3.jar;C:\Users\Xaser\.m2\repository\org\codehaus\plexus\plexus-component-annotations\2.1.0\plexus-component-annotations-2.1.0.jar;C:\Users\Xaser\.m2\repository\org\codehaus\plexus\plexus-classworlds\2.6.0\plexus-classworlds-2.6.0.jar;C:\Users\Xaser\.m2\repository\org\codehaus\plexus\plexus-velocity\2.2.0\plexus-velocity-2.2.0.jar;C:\Users\Xaser\.m2\repository\org\apache\velocity\velocity-engine-core\2.4\velocity-engine-core-2.4.jar;C:\Users\Xaser\.m2\repository\org\apache\velocity\tools\velocity-tools-generic\3.1\velocity-tools-generic-3.1.jar;C:\Users\Xaser\.m2\repository\commons-beanutils\commons-beanutils\1.9.4\commons-beanutils-1.9.4.jar;C:\Users\Xaser\.m2\repository\commons-collections\commons-collections\3.2.2\commons-collections-3.2.2.jar;C:\Users\Xaser\.m2\repository\org\apache\commons\commons-digester3\3.2\commons-digester3-3.2.jar;C:\Users\Xaser\.m2\repository\com\github\cliftonlabs\json-simple\3.0.2\json-simple-3.0.2.jar;C:\Users\Xaser\.m2\repository\org\apache\maven\doxia\doxia-integration-tools\2.0.0\doxia-integration-tools-2.0.0.jar;C:\Users\Xaser\.m2\repository\org\codehaus\plexus\plexus-i18n\1.0-beta-10\plexus-i18n-1.0-beta-10.jar;C:\Users\Xaser\.m2\repository\org\apache\maven\wagon\wagon-provider-api\3.5.3\wagon-provider-api-3.5.3.jar;C:\Users\Xaser\.m2\repository\org\apache\commons\commons-lang3\3.17.0\commons-lang3-3.17.0.jar;C:\Users\Xaser\.m2\repository\org\apache\commons\commons-text\1.12.0\commons-text-1.12.0.jar;C:\Users\Xaser\.m2\repository\org\apache\httpcomponents\httpcore\4.4.16\httpcore-4.4.16.jar;C:\Users\Xaser\.m2\repository\com\thoughtworks\qdox\qdox\2.2.0\qdox-2.2.0.jar;C:\Users\Xaser\.m2\repository\org\codehaus\plexus\plexus-java\1.3.0\plexus-java-1.3.0.jar;C:\Users\Xaser\.m2\repository\org\ow2\asm\asm\9.7\asm-9.7.jar;C:\Users\Xaser\.m2\repository\org\codehaus\plexus\plexus-utils\4.0.2\plexus-utils-4.0.2.jar;C:\Users\Xaser\.m2\repository\org\codehaus\plexus\plexus-xml\3.0.1\plexus-xml-3.0.1.jar;C:\Users\Xaser\.m2\repository\org\codehaus\plexus\plexus-io\3.5.1\plexus-io-3.5.1.jar;C:\Users\Xaser\.m2\repository\org\codehaus\plexus\plexus-archiver\4.10.0\plexus-archiver-4.10.0.jar;C:\Users\Xaser\.m2\repository\org\apache\commons\commons-compress\1.26.2\commons-compress-1.26.2.jar;C:\Users\Xaser\.m2\repository\io\airlift\aircompressor\0.27\aircompressor-0.27.jar;C:\Users\Xaser\.m2\repository\org\tukaani\xz\1.9\xz-1.9.jar;C:\Users\Xaser\.m2\repository\com\github\luben\zstd-jni\1.5.6-3\zstd-jni-1.5.6-3.jar;C:\Users\Xaser\.m2\repository\org\codehaus\plexus\plexus-interactivity-api\1.3\plexus-interactivity-api-1.3.jar;C:\Users\Xaser\.m2\repository\org\junit\jupiter\junit-jupiter-api\5.10.0\junit-jupiter-api-5.10.0.jar;C:\Users\Xaser\.m2\repository\org\opentest4j\opentest4j\1.3.0\opentest4j-1.3.0.jar;C:\Users\Xaser\.m2\repository\org\junit\platform\junit-platform-commons\1.10.0\junit-platform-commons-1.10.0.jar;C:\Users\Xaser\.m2\repository\org\apiguardian\apiguardian-api\1.1.2\apiguardian-api-1.1.2.jar;C:\Users\Xaser\.m2\repository\org\junit\jupiter\junit-jupiter-engine\5.10.0\junit-jupiter-engine-5.10.0.jar;C:\Users\Xaser\.m2\repository\org\junit\platform\junit-platform-engine\1.10.0\junit-platform-engine-1.10.0.jar;C:\Users\Xaser\.m2\repository\org\junit\jupiter\junit-jupiter-params\5.10.0\junit-jupiter-params-5.10.0.jar;C:\Users\Xaser\.m2\repository\org\mockito\mockito-core\5.6.0\mockito-core-5.6.0.jar;C:\Users\Xaser\.m2\repository\net\bytebuddy\byte-buddy\1.14.8\byte-buddy-1.14.8.jar;C:\Users\Xaser\.m2\repository\net\bytebuddy\byte-buddy-agent\1.14.8\byte-buddy-agent-1.14.8.jar;C:\Users\Xaser\.m2\repository\org\objenesis\objenesis\3.3\objenesis-3.3.jar;C:\Users\Xaser\.m2\repository\org\mockito\mockito-junit-jupiter\5.6.0\mockito-junit-jupiter-5.6.0.jar;"/>
    <property name="java.vm.vendor" value="Oracle Corporation"/>
    <property name="sun.arch.data.model" value="64"/>
    <property name="user.variant" value=""/>
    <property name="java.vendor.url" value="https://java.oracle.com/"/>
    <property name="user.timezone" value="Europe/Astrakhan"/>
    <property name="os.name" value="Windows 10"/>
    <property name="java.vm.specification.version" value="17"/>
    <property name="sun.java.launcher" value="SUN_STANDARD"/>
    <property name="user.country" value="RU"/>
    <property name="sun.boot.library.path" value="C:\Program Files\Java\jdk-17\bin"/>
    <property name="sun.java.command" value="C:\Users\Xaser\AppData\Local\Temp\surefire17679360601065172988\surefirebooter-20250611165340950_3.jar C:\Users\Xaser\AppData\Local\Temp\surefire17679360601065172988 2025-06-11T16-53-40_852-jvmRun1 surefire-20250611165340950_1tmp surefire_0-20250611165340950_2tmp"/>
    <property name="jdk.debug" value="release"/>
    <property name="test" value="GameActiveStateTest"/>
    <property name="surefire.test.class.path" value="C:\Users\Xaser\Documents\AmongGame\target\test-classes;C:\Users\Xaser\Documents\AmongGame\target\classes;C:\Users\Xaser\.m2\repository\org\telegram\telegrambots\6.8.0\telegrambots-6.8.0.jar;C:\Users\Xaser\.m2\repository\org\telegram\telegrambots-meta\6.8.0\telegrambots-meta-6.8.0.jar;C:\Users\Xaser\.m2\repository\com\fasterxml\jackson\datatype\jackson-datatype-jsr310\2.14.2\jackson-datatype-jsr310-2.14.2.jar;C:\Users\Xaser\.m2\repository\com\fasterxml\jackson\core\jackson-annotations\2.14.2\jackson-annotations-2.14.2.jar;C:\Users\Xaser\.m2\repository\com\fasterxml\jackson\jaxrs\jackson-jaxrs-json-provider\2.14.2\jackson-jaxrs-json-provider-2.14.2.jar;C:\Users\Xaser\.m2\repository\com\fasterxml\jackson\jaxrs\jackson-jaxrs-base\2.14.2\jackson-jaxrs-base-2.14.2.jar;C:\Users\Xaser\.m2\repository\com\fasterxml\jackson\module\jackson-module-jaxb-annotations\2.14.2\jackson-module-jaxb-annotations-2.14.2.jar;C:\Users\Xaser\.m2\repository\jakarta\xml\bind\jakarta.xml.bind-api\2.3.3\jakarta.xml.bind-api-2.3.3.jar;C:\Users\Xaser\.m2\repository\org\glassfish\jersey\inject\jersey-hk2\2.35\jersey-hk2-2.35.jar;C:\Users\Xaser\.m2\repository\org\glassfish\jersey\core\jersey-common\2.35\jersey-common-2.35.jar;C:\Users\Xaser\.m2\repository\org\glassfish\hk2\osgi-resource-locator\1.0.3\osgi-resource-locator-1.0.3.jar;C:\Users\Xaser\.m2\repository\org\glassfish\hk2\hk2-locator\2.6.1\hk2-locator-2.6.1.jar;C:\Users\Xaser\.m2\repository\org\glassfish\hk2\external\aopalliance-repackaged\2.6.1\aopalliance-repackaged-2.6.1.jar;C:\Users\Xaser\.m2\repository\org\glassfish\hk2\hk2-api\2.6.1\hk2-api-2.6.1.jar;C:\Users\Xaser\.m2\repository\org\glassfish\hk2\hk2-utils\2.6.1\hk2-utils-2.6.1.jar;C:\Users\Xaser\.m2\repository\org\javassist\javassist\3.25.0-GA\javassist-3.25.0-GA.jar;C:\Users\Xaser\.m2\repository\org\glassfish\jersey\media\jersey-media-json-jackson\2.35\jersey-media-json-jackson-2.35.jar;C:\Users\Xaser\.m2\repository\org\glassfish\jersey\ext\jersey-entity-filtering\2.35\jersey-entity-filtering-2.35.jar;C:\Users\Xaser\.m2\repository\org\glassfish\jersey\containers\jersey-container-grizzly2-http\2.35\jersey-container-grizzly2-http-2.35.jar;C:\Users\Xaser\.m2\repository\org\glassfish\hk2\external\jakarta.inject\2.6.1\jakarta.inject-2.6.1.jar;C:\Users\Xaser\.m2\repository\org\glassfish\grizzly\grizzly-http-server\2.4.4\grizzly-http-server-2.4.4.jar;C:\Users\Xaser\.m2\repository\org\glassfish\grizzly\grizzly-http\2.4.4\grizzly-http-2.4.4.jar;C:\Users\Xaser\.m2\repository\org\glassfish\grizzly\grizzly-framework\2.4.4\grizzly-framework-2.4.4.jar;C:\Users\Xaser\.m2\repository\jakarta\ws\rs\jakarta.ws.rs-api\2.1.6\jakarta.ws.rs-api-2.1.6.jar;C:\Users\Xaser\.m2\repository\org\glassfish\jersey\core\jersey-server\2.35\jersey-server-2.35.jar;C:\Users\Xaser\.m2\repository\org\glassfish\jersey\core\jersey-client\2.35\jersey-client-2.35.jar;C:\Users\Xaser\.m2\repository\jakarta\annotation\jakarta.annotation-api\1.3.5\jakarta.annotation-api-1.3.5.jar;C:\Users\Xaser\.m2\repository\jakarta\validation\jakarta.validation-api\2.0.2\jakarta.validation-api-2.0.2.jar;C:\Users\Xaser\.m2\repository\org\apache\httpcomponents\httpclient\4.5.13\httpclient-4.5.13.jar;C:\Users\Xaser\.m2\repository\commons-logging\commons-logging\1.2\commons-logging-1.2.jar;C:\Users\Xaser\.m2\repository\commons-codec\commons-codec\1.11\commons-codec-1.11.jar;C:\Users\Xaser\.m2\repository\org\apache\httpcomponents\httpmime\4.5.13\httpmime-4.5.13.jar;C:\Users\Xaser\.m2\repository\org\telegram\telegrambotsextensions\6.8.0\telegrambotsextensions-6.8.0.jar;C:\Users\Xaser\.m2\repository\org\slf4j\slf4j-api\2.0.9\slf4j-api-2.0.9.jar;C:\Users\Xaser\.m2\repository\org\slf4j\slf4j-simple\2.0.9\slf4j-simple-2.0.9.jar;C:\Users\Xaser\.m2\repository\com\fasterxml\jackson\core\jackson-databind\2.15.2\jackson-databind-2.15.2.jar;C:\Users\Xaser\.m2\repository\com\fasterxml\jackson\core\jackson-core\2.15.2\jackson-core-2.15.2.jar;C:\Users\Xaser\.m2\repository\commons-io\commons-io\2.13.0\commons-io-2.13.0.jar;C:\Users\Xaser\.m2\repository\org\apache\maven\plugins\maven-javadoc-plugin\3.11.2\maven-javadoc-plugin-3.11.2.jar;C:\Users\Xaser\.m2\repository\org\apache\maven\resolver\maven-resolver-util\1.4.1\maven-resolver-util-1.4.1.jar;C:\Users\Xaser\.m2\repository\org\apache\maven\resolver\maven-resolver-api\1.4.1\maven-resolver-api-1.4.1.jar;C:\Users\Xaser\.m2\repository\javax\inject\javax.inject\1\javax.inject-1.jar;C:\Users\Xaser\.m2\repository\org\apache\maven\reporting\maven-reporting-api\4.0.0\maven-reporting-api-4.0.0.jar;C:\Users\Xaser\.m2\repository\org\apache\maven\maven-archiver\3.6.2\maven-archiver-3.6.2.jar;C:\Users\Xaser\.m2\repository\org\codehaus\plexus\plexus-interpolation\1.27\plexus-interpolation-1.27.jar;C:\Users\Xaser\.m2\repository\org\apache\maven\shared\maven-invoker\3.3.0\maven-invoker-3.3.0.jar;C:\Users\Xaser\.m2\repository\org\apache\maven\shared\maven-shared-utils\3.4.2\maven-shared-utils-3.4.2.jar;C:\Users\Xaser\.m2\repository\org\apache\maven\shared\maven-common-artifact-filters\3.4.0\maven-common-artifact-filters-3.4.0.jar;C:\Users\Xaser\.m2\repository\org\apache\maven\doxia\doxia-sink-api\2.0.0\doxia-sink-api-2.0.0.jar;C:\Users\Xaser\.m2\repository\org\apache\maven\doxia\doxia-site-renderer\2.0.0\doxia-site-renderer-2.0.0.jar;C:\Users\Xaser\.m2\repository\org\apache\maven\doxia\doxia-core\2.0.0\doxia-core-2.0.0.jar;C:\Users\Xaser\.m2\repository\org\apache\maven\doxia\doxia-site-model\2.0.0\doxia-site-model-2.0.0.jar;C:\Users\Xaser\.m2\repository\org\apache\maven\doxia\doxia-skin-model\2.0.0\doxia-skin-model-2.0.0.jar;C:\Users\Xaser\.m2\repository\org\apache\maven\doxia\doxia-module-xhtml5\2.0.0\doxia-module-xhtml5-2.0.0.jar;C:\Users\Xaser\.m2\repository\org\eclipse\sisu\org.eclipse.sisu.plexus\0.9.0.M3\org.eclipse.sisu.plexus-0.9.0.M3.jar;C:\Users\Xaser\.m2\repository\org\eclipse\sisu\org.eclipse.sisu.inject\0.9.0.M3\org.eclipse.sisu.inject-0.9.0.M3.jar;C:\Users\Xaser\.m2\repository\org\codehaus\plexus\plexus-component-annotations\2.1.0\plexus-component-annotations-2.1.0.jar;C:\Users\Xaser\.m2\repository\org\codehaus\plexus\plexus-classworlds\2.6.0\plexus-classworlds-2.6.0.jar;C:\Users\Xaser\.m2\repository\org\codehaus\plexus\plexus-velocity\2.2.0\plexus-velocity-2.2.0.jar;C:\Users\Xaser\.m2\repository\org\apache\velocity\velocity-engine-core\2.4\velocity-engine-core-2.4.jar;C:\Users\Xaser\.m2\repository\org\apache\velocity\tools\velocity-tools-generic\3.1\velocity-tools-generic-3.1.jar;C:\Users\Xaser\.m2\repository\commons-beanutils\commons-beanutils\1.9.4\commons-beanutils-1.9.4.jar;C:\Users\Xaser\.m2\repository\commons-collections\commons-collections\3.2.2\commons-collections-3.2.2.jar;C:\Users\Xaser\.m2\repository\org\apache\commons\commons-digester3\3.2\commons-digester3-3.2.jar;C:\Users\Xaser\.m2\repository\com\github\cliftonlabs\json-simple\3.0.2\json-simple-3.0.2.jar;C:\Users\Xaser\.m2\repository\org\apache\maven\doxia\doxia-integration-tools\2.0.0\doxia-integration-tools-2.0.0.jar;C:\Users\Xaser\.m2\repository\org\codehaus\plexus\plexus-i18n\1.0-beta-10\plexus-i18n-1.0-beta-10.jar;C:\Users\Xaser\.m2\repository\org\apache\maven\wagon\wagon-provider-api\3.5.3\wagon-provider-api-3.5.3.jar;C:\Users\Xaser\.m2\repository\org\apache\commons\commons-lang3\3.17.0\commons-lang3-3.17.0.jar;C:\Users\Xaser\.m2\repository\org\apache\commons\commons-text\1.12.0\commons-text-1.12.0.jar;C:\Users\Xaser\.m2\repository\org\apache\httpcomponents\httpcore\4.4.16\httpcore-4.4.16.jar;C:\Users\Xaser\.m2\repository\com\thoughtworks\qdox\qdox\2.2.0\qdox-2.2.0.jar;C:\Users\Xaser\.m2\repository\org\codehaus\plexus\plexus-java\1.3.0\plexus-java-1.3.0.jar;C:\Users\Xaser\.m2\repository\org\ow2\asm\asm\9.7\asm-9.7.jar;C:\Users\Xaser\.m2\repository\org\codehaus\plexus\plexus-utils\4.0.2\plexus-utils-4.0.2.jar;C:\Users\Xaser\.m2\repository\org\codehaus\plexus\plexus-xml\3.0.1\plexus-xml-3.0.1.jar;C:\Users\Xaser\.m2\repository\org\codehaus\plexus\plexus-io\3.5.1\plexus-io-3.5.1.jar;C:\Users\Xaser\.m2\repository\org\codehaus\plexus\plexus-archiver\4.10.0\plexus-archiver-4.10.0.jar;C:\Users\Xaser\.m2\repository\org\apache\commons\commons-compress\1.26.2\commons-compress-1.26.2.jar;C:\Users\Xaser\.m2\repository\io\airlift\aircompressor\0.27\aircompressor-0.27.jar;C:\Users\Xaser\.m2\repository\org\tukaani\xz\1.9\xz-1.9.jar;C:\Users\Xaser\.m2\repository\com\github\luben\zstd-jni\1.5.6-3\zstd-jni-1.5.6-3.jar;C:\Users\Xaser\.m2\repository\org\codehaus\plexus\plexus-interactivity-api\1.3\plexus-interactivity-api-1.3.jar;C:\Users\Xaser\.m2\repository\org\junit\jupiter\junit-jupiter-api\5.10.0\junit-jupiter-api-5.10.0.jar;C:\Users\Xaser\.m2\repository\org\opentest4j\opentest4j\1.3.0\opentest4j-1.3.0.jar;C:\Users\Xaser\.m2\repository\org\junit\platform\junit-platform-commons\1.10.0\junit-platform-commons-1.10.0.jar;C:\Users\Xaser\.m2\repository\org\apiguardian\apiguardian-api\1.1.2\apiguardian-api-1.1.2.jar;C:\Users\Xaser\.m2\repository\org\junit\jupiter\junit-jupiter-engine\5.10.0\junit-jupiter-engine-5.10.0.jar;C:\Users\Xaser\.m2\repository\org\junit\platform\junit-platform-engine\1.10.0\junit-platform-engine-1.10.0.jar;C:\Users\Xaser\.m2\repository\org\junit\jupiter\junit-jupiter-params\5.10.0\junit-jupiter-params-5.10.0.jar;C:\Users\Xaser\.m2\repository\org\mockito\mockito-core\5.6.0\mockito-core-5.6.0.jar;C:\Users\Xaser\.m2\repository\net\bytebuddy\byte-buddy\1.14.8\byte-buddy-1.14.8.jar;C:\Users\Xaser\.m2\repository\net\bytebuddy\byte-buddy-agent\1.14.8\byte-buddy-agent-1.14.8.jar;C:\Users\Xaser\.m2\repository\org\objenesis\objenesis\3.3\objenesis-3.3.jar;C:\Users\Xaser\.m2\repository\org\mockito\mockito-junit-jupiter\5.6.0\mockito-junit-jupiter-5.6.0.jar;"/>
    <property name="sun.cpu.endian" value="little"/>
    <property name="user.home" value="C:\Users\Xaser"/>
    <property name="user.language" value="ru"/>
    <property name="java.specification.vendor" value="Oracle Corporation"/>
    <property name="java.version.date" value="2024-07-16"/>
    <property name="java.home" value="C:\Program Files\Java\jdk-17"/>
    <property name="file.separator" value="\"/>
    <property name="basedir" value="C:\Users\Xaser\Documents\AmongGame"/>
    <property name="java.vm.compressedOopsMode" value="Zero based"/>
    <property name="line.separator" value="&#10;"/>
    <property name="java.vm.specification.vendor" value="Oracle Corporation"/>
    <property name="java.specification.name" value="Java Platform API Specification"/>
    <property name="surefire.real.class.path" value="C:\Users\Xaser\AppData\Local\Temp\surefire17679360601065172988\surefirebooter-20250611165340950_3.jar"/>
    <property name="user.script" value=""/>
    <property name="sun.management.compiler" value="HotSpot 64-Bit Tiered Compilers"/>
    <property name="java.runtime.version" value="17.0.12+8-LTS-286"/>
    <property name="user.name" value="Xaser"/>
    <property name="path.separator" value=";"/>
    <property name="os.version" value="10.0"/>
    <property name="java.runtime.name" value="Java(TM) SE Runtime Environment"/>
    <property name="file.encoding" value="Cp1252"/>
    <property name="java.vm.name" value="Java HotSpot(TM) 64-Bit Server VM"/>
    <property name="localRepository" value="C:\Users\Xaser\.m2\repository"/>
    <property name="java.vendor.url.bug" value="https://bugreport.java.com/bugreport/"/>
    <property name="java.io.tmpdir" value="C:\Users\Xaser\AppData\Local\Temp\"/>
    <property name="java.version" value="17.0.12"/>
    <property name="user.dir" value="C:\Users\Xaser\Documents\AmongGame"/>
    <property name="os.arch" value="amd64"/>
    <property name="java.vm.specification.name" value="Java Virtual Machine Specification"/>
    <property name="sun.os.patch.level" value=""/>
    <property name="native.encoding" value="Cp1252"/>
    <property name="java.library.path" value="C:\Program Files\Java\jdk-17\bin;C:\Windows\Sun\Java\bin;C:\Windows\system32;C:\Windows;C:\Program Files\Java\jdk-17\bin;C:\Windows\System32;C:\Windows\System32\WindowsPowerShell\v1.0;C:\Program Files\apache-maven-3.9.2\bin;C:\Users\Xaser\AppData\Local\Programs\Python\Python39\Scripts;C:\Program Files\dotnet\;C:\Program Files\NVIDIA Corporation\NVIDIA NvDLISR;C:\Program Files\bigartm\bin;C:\Program Files\bigartm\python;C:\Program Files\protoc\bin;C:\Program Files (x86)\NVIDIA Corporation\PhysX\Common;C:\Program Files\Docker\Docker\resources\bin;C:\Program Files\Git\cmd;C:\Program Files\nodejs\;C:\Windows\System32\OpenSSH\;C:\Program Files\WireGuard\;C:\Program Files\Java\jdk-17\bin;C:\Windows\System32;C:\Windows\System32\WindowsPowerShell\v1.0;C:\Users\Xaser\AppData\Local\Programs\Python\Python311\Scripts\;C:\Users\Xaser\AppData\Local\Programs\Python\Python311\;C:\Program Files\apache-maven-3.9.2\bin;C:\Program Files\Microsoft VS Code\bin;C:\Users\Xaser\.dotnet\tools;C:\Users\Xaser\AppData\Local\JetBrains\Toolbox\scripts;C:\Program Files\JetBrains\IntelliJ IDEA 2022.3\bin;;C:\Program Files\Docker\Docker\resources\cli-plugins;C:\Program Files\Docker\Docker\resources\bin;C:\Program Files\PostgreSQL\16\bin;C:\Users\Xaser\AppData\Roaming\npm;C:\Windows\System32\OpenSSH\;C:\Users\Xaser\AppData\Local\Programs\cursor\resources\app\bin;;."/>
    <property name="java.vm.info" value="mixed mode, sharing"/>
    <property name="java.vendor" value="Oracle Corporation"/>
    <property name="java.vm.version" value="17.0.12+8-LTS-286"/>
    <property name="sun.io.unicode.encoding" value="UnicodeLittle"/>
    <property name="java.class.version" value="61.0"/>
  </properties>
  <testcase name="testIWasKilledAction" classname="com.amongus.bot.game.states.GameActiveStateTest" time="0.87">
    <system-err><![CDATA[2025-06-11 16:53:42.037 [main] INFO com.amongus.bot.game.states.GameActiveState - Entered active game state for game TEST123
2025-06-11 16:53:42.040 [main] DEBUG com.amongus.bot.game.states.GameActiveState - Game state initialized for lobby TEST123
2025-06-11 16:53:42.040 [main] DEBUG com.amongus.bot.game.states.GameActiveState - Sending game start message to player 1 in game TEST123
2025-06-11 16:53:42.040 [main] DEBUG com.amongus.bot.game.states.GameActiveState - Initialized 3 fake tasks for impostor 1
2025-06-11 16:53:42.153 [main] DEBUG com.amongus.bot.game.states.GameActiveState - Sent game start message with keyboard to player Impostor (1)
2025-06-11 16:53:42.153 [main] DEBUG com.amongus.bot.game.states.GameActiveState - Sent detailed task information to player Impostor (1)
2025-06-11 16:53:42.154 [main] DEBUG com.amongus.bot.game.states.GameActiveState - Sending game start message to player 2 in game TEST123
2025-06-11 16:53:42.154 [main] DEBUG com.amongus.bot.game.states.GameActiveState - Sent game start message with keyboard to player Crewmate2 (2)
2025-06-11 16:53:42.154 [main] DEBUG com.amongus.bot.game.states.GameActiveState - Sent detailed task information to player Crewmate2 (2)
2025-06-11 16:53:42.154 [main] DEBUG com.amongus.bot.game.states.GameActiveState - Sending game start message to player 3 in game TEST123
2025-06-11 16:53:42.154 [main] DEBUG com.amongus.bot.game.states.GameActiveState - Sent game start message with keyboard to player Crewmate3 (3)
2025-06-11 16:53:42.155 [main] DEBUG com.amongus.bot.game.states.GameActiveState - Sent detailed task information to player Crewmate3 (3)
2025-06-11 16:53:42.155 [main] DEBUG com.amongus.bot.game.states.GameActiveState - Sending game start message to player 4 in game TEST123
2025-06-11 16:53:42.155 [main] DEBUG com.amongus.bot.game.states.GameActiveState - Sent game start message with keyboard to player Crewmate4 (4)
2025-06-11 16:53:42.155 [main] DEBUG com.amongus.bot.game.states.GameActiveState - Sent detailed task information to player Crewmate4 (4)
2025-06-11 16:53:42.155 [main] DEBUG com.amongus.bot.game.states.GameActiveState - Sending game start message to player 5 in game TEST123
2025-06-11 16:53:42.155 [main] DEBUG com.amongus.bot.game.states.GameActiveState - Sent game start message with keyboard to player Crewmate5 (5)
2025-06-11 16:53:42.155 [main] DEBUG com.amongus.bot.game.states.GameActiveState - Sent detailed task information to player Crewmate5 (5)
2025-06-11 16:53:42.164 [main] INFO com.amongus.bot.game.states.GameActiveState - Player 3 self-reported as killed in game TEST123
2025-06-11 16:53:42.164 [main] DEBUG com.amongus.bot.game.states.GameActiveState - Updated action keyboard for player 3 in game TEST123
2025-06-11 16:53:42.165 [main] DEBUG com.amongus.bot.game.states.GameActiveState - Game TEST123 win condition check: 3 alive crewmates, 1 alive impostors, 0% tasks completed
2025-06-11 16:53:42.165 [main] DEBUG com.amongus.bot.game.states.GameActiveState - Game TEST123 win condition check: 3 alive crewmates, 1 alive impostors, 0% tasks completed
]]></system-err>
  </testcase>
  <testcase name="testReportBodyActionWithNoDeadPlayers" classname="com.amongus.bot.game.states.GameActiveStateTest" time="0.006">
    <system-err><![CDATA[2025-06-11 16:53:42.185 [main] INFO com.amongus.bot.game.states.GameActiveState - Entered active game state for game TEST123
2025-06-11 16:53:42.185 [main] DEBUG com.amongus.bot.game.states.GameActiveState - Game state initialized for lobby TEST123
2025-06-11 16:53:42.185 [main] DEBUG com.amongus.bot.game.states.GameActiveState - Sending game start message to player 1 in game TEST123
2025-06-11 16:53:42.185 [main] DEBUG com.amongus.bot.game.states.GameActiveState - Initialized 3 fake tasks for impostor 1
2025-06-11 16:53:42.186 [main] DEBUG com.amongus.bot.game.states.GameActiveState - Sent game start message with keyboard to player Impostor (1)
2025-06-11 16:53:42.186 [main] DEBUG com.amongus.bot.game.states.GameActiveState - Sent detailed task information to player Impostor (1)
2025-06-11 16:53:42.186 [main] DEBUG com.amongus.bot.game.states.GameActiveState - Sending game start message to player 2 in game TEST123
2025-06-11 16:53:42.186 [main] DEBUG com.amongus.bot.game.states.GameActiveState - Sent game start message with keyboard to player Crewmate2 (2)
2025-06-11 16:53:42.186 [main] DEBUG com.amongus.bot.game.states.GameActiveState - Sent detailed task information to player Crewmate2 (2)
2025-06-11 16:53:42.186 [main] DEBUG com.amongus.bot.game.states.GameActiveState - Sending game start message to player 3 in game TEST123
2025-06-11 16:53:42.186 [main] DEBUG com.amongus.bot.game.states.GameActiveState - Sent game start message with keyboard to player Crewmate3 (3)
2025-06-11 16:53:42.186 [main] DEBUG com.amongus.bot.game.states.GameActiveState - Sent detailed task information to player Crewmate3 (3)
2025-06-11 16:53:42.186 [main] DEBUG com.amongus.bot.game.states.GameActiveState - Sending game start message to player 4 in game TEST123
2025-06-11 16:53:42.187 [main] DEBUG com.amongus.bot.game.states.GameActiveState - Sent game start message with keyboard to player Crewmate4 (4)
2025-06-11 16:53:42.187 [main] DEBUG com.amongus.bot.game.states.GameActiveState - Sent detailed task information to player Crewmate4 (4)
2025-06-11 16:53:42.187 [main] DEBUG com.amongus.bot.game.states.GameActiveState - Sending game start message to player 5 in game TEST123
2025-06-11 16:53:42.187 [main] DEBUG com.amongus.bot.game.states.GameActiveState - Sent game start message with keyboard to player Crewmate5 (5)
2025-06-11 16:53:42.187 [main] DEBUG com.amongus.bot.game.states.GameActiveState - Sent detailed task information to player Crewmate5 (5)
2025-06-11 16:53:42.187 [main] INFO com.amongus.bot.game.states.GameActiveState - Player 2 attempted to report a body when there are no killed players in game TEST123
]]></system-err>
  </testcase>
  <testcase name="testSabotageMenuAction" classname="com.amongus.bot.game.states.GameActiveStateTest" time="0.008">
    <system-err><![CDATA[2025-06-11 16:53:42.192 [main] INFO com.amongus.bot.game.states.GameActiveState - Entered active game state for game TEST123
2025-06-11 16:53:42.192 [main] DEBUG com.amongus.bot.game.states.GameActiveState - Game state initialized for lobby TEST123
2025-06-11 16:53:42.193 [main] DEBUG com.amongus.bot.game.states.GameActiveState - Sending game start message to player 1 in game TEST123
2025-06-11 16:53:42.193 [main] DEBUG com.amongus.bot.game.states.GameActiveState - Initialized 3 fake tasks for impostor 1
2025-06-11 16:53:42.193 [main] DEBUG com.amongus.bot.game.states.GameActiveState - Sent game start message with keyboard to player Impostor (1)
2025-06-11 16:53:42.193 [main] DEBUG com.amongus.bot.game.states.GameActiveState - Sent detailed task information to player Impostor (1)
2025-06-11 16:53:42.193 [main] DEBUG com.amongus.bot.game.states.GameActiveState - Sending game start message to player 2 in game TEST123
2025-06-11 16:53:42.193 [main] DEBUG com.amongus.bot.game.states.GameActiveState - Sent game start message with keyboard to player Crewmate2 (2)
2025-06-11 16:53:42.193 [main] DEBUG com.amongus.bot.game.states.GameActiveState - Sent detailed task information to player Crewmate2 (2)
2025-06-11 16:53:42.194 [main] DEBUG com.amongus.bot.game.states.GameActiveState - Sending game start message to player 3 in game TEST123
2025-06-11 16:53:42.194 [main] DEBUG com.amongus.bot.game.states.GameActiveState - Sent game start message with keyboard to player Crewmate3 (3)
2025-06-11 16:53:42.194 [main] DEBUG com.amongus.bot.game.states.GameActiveState - Sent detailed task information to player Crewmate3 (3)
2025-06-11 16:53:42.194 [main] DEBUG com.amongus.bot.game.states.GameActiveState - Sending game start message to player 4 in game TEST123
2025-06-11 16:53:42.194 [main] DEBUG com.amongus.bot.game.states.GameActiveState - Sent game start message with keyboard to player Crewmate4 (4)
2025-06-11 16:53:42.194 [main] DEBUG com.amongus.bot.game.states.GameActiveState - Sent detailed task information to player Crewmate4 (4)
2025-06-11 16:53:42.194 [main] DEBUG com.amongus.bot.game.states.GameActiveState - Sending game start message to player 5 in game TEST123
2025-06-11 16:53:42.194 [main] DEBUG com.amongus.bot.game.states.GameActiveState - Sent game start message with keyboard to player Crewmate5 (5)
2025-06-11 16:53:42.194 [main] DEBUG com.amongus.bot.game.states.GameActiveState - Sent detailed task information to player Crewmate5 (5)
2025-06-11 16:53:42.195 [main] INFO com.amongus.bot.game.states.GameActiveState - Impostor 1 opened sabotage menu in game TEST123
2025-06-11 16:53:42.195 [main] DEBUG com.amongus.bot.game.states.GameActiveState - Game TEST123 win condition check: 4 alive crewmates, 1 alive impostors, 0% tasks completed
]]></system-err>
  </testcase>
  <testcase name="testOnEnter" classname="com.amongus.bot.game.states.GameActiveStateTest" time="0.006">
    <system-err><![CDATA[2025-06-11 16:53:42.201 [main] INFO com.amongus.bot.game.states.GameActiveState - Entered active game state for game TEST123
2025-06-11 16:53:42.201 [main] DEBUG com.amongus.bot.game.states.GameActiveState - Game state initialized for lobby TEST123
2025-06-11 16:53:42.201 [main] DEBUG com.amongus.bot.game.states.GameActiveState - Sending game start message to player 1 in game TEST123
2025-06-11 16:53:42.201 [main] DEBUG com.amongus.bot.game.states.GameActiveState - Initialized 3 fake tasks for impostor 1
2025-06-11 16:53:42.201 [main] DEBUG com.amongus.bot.game.states.GameActiveState - Sent game start message with keyboard to player Impostor (1)
2025-06-11 16:53:42.202 [main] DEBUG com.amongus.bot.game.states.GameActiveState - Sent detailed task information to player Impostor (1)
2025-06-11 16:53:42.202 [main] DEBUG com.amongus.bot.game.states.GameActiveState - Sending game start message to player 2 in game TEST123
2025-06-11 16:53:42.202 [main] DEBUG com.amongus.bot.game.states.GameActiveState - Sent game start message with keyboard to player Crewmate2 (2)
2025-06-11 16:53:42.202 [main] DEBUG com.amongus.bot.game.states.GameActiveState - Sent detailed task information to player Crewmate2 (2)
2025-06-11 16:53:42.202 [main] DEBUG com.amongus.bot.game.states.GameActiveState - Sending game start message to player 3 in game TEST123
2025-06-11 16:53:42.202 [main] DEBUG com.amongus.bot.game.states.GameActiveState - Sent game start message with keyboard to player Crewmate3 (3)
2025-06-11 16:53:42.202 [main] DEBUG com.amongus.bot.game.states.GameActiveState - Sent detailed task information to player Crewmate3 (3)
2025-06-11 16:53:42.202 [main] DEBUG com.amongus.bot.game.states.GameActiveState - Sending game start message to player 4 in game TEST123
2025-06-11 16:53:42.203 [main] DEBUG com.amongus.bot.game.states.GameActiveState - Sent game start message with keyboard to player Crewmate4 (4)
2025-06-11 16:53:42.203 [main] DEBUG com.amongus.bot.game.states.GameActiveState - Sent detailed task information to player Crewmate4 (4)
2025-06-11 16:53:42.203 [main] DEBUG com.amongus.bot.game.states.GameActiveState - Sending game start message to player 5 in game TEST123
2025-06-11 16:53:42.203 [main] DEBUG com.amongus.bot.game.states.GameActiveState - Sent game start message with keyboard to player Crewmate5 (5)
2025-06-11 16:53:42.203 [main] DEBUG com.amongus.bot.game.states.GameActiveState - Sent detailed task information to player Crewmate5 (5)
]]></system-err>
  </testcase>
  <testcase name="testTaskActionFromImpostor" classname="com.amongus.bot.game.states.GameActiveStateTest" time="0.005">
    <system-err><![CDATA[2025-06-11 16:53:42.208 [main] INFO com.amongus.bot.game.states.GameActiveState - Entered active game state for game TEST123
2025-06-11 16:53:42.208 [main] DEBUG com.amongus.bot.game.states.GameActiveState - Game state initialized for lobby TEST123
2025-06-11 16:53:42.208 [main] DEBUG com.amongus.bot.game.states.GameActiveState - Sending game start message to player 1 in game TEST123
2025-06-11 16:53:42.208 [main] DEBUG com.amongus.bot.game.states.GameActiveState - Initialized 3 fake tasks for impostor 1
2025-06-11 16:53:42.208 [main] DEBUG com.amongus.bot.game.states.GameActiveState - Sent game start message with keyboard to player Impostor (1)
2025-06-11 16:53:42.208 [main] DEBUG com.amongus.bot.game.states.GameActiveState - Sent detailed task information to player Impostor (1)
2025-06-11 16:53:42.208 [main] DEBUG com.amongus.bot.game.states.GameActiveState - Sending game start message to player 2 in game TEST123
2025-06-11 16:53:42.208 [main] DEBUG com.amongus.bot.game.states.GameActiveState - Sent game start message with keyboard to player Crewmate2 (2)
2025-06-11 16:53:42.208 [main] DEBUG com.amongus.bot.game.states.GameActiveState - Sent detailed task information to player Crewmate2 (2)
2025-06-11 16:53:42.209 [main] DEBUG com.amongus.bot.game.states.GameActiveState - Sending game start message to player 3 in game TEST123
2025-06-11 16:53:42.209 [main] DEBUG com.amongus.bot.game.states.GameActiveState - Sent game start message with keyboard to player Crewmate3 (3)
2025-06-11 16:53:42.209 [main] DEBUG com.amongus.bot.game.states.GameActiveState - Sent detailed task information to player Crewmate3 (3)
2025-06-11 16:53:42.209 [main] DEBUG com.amongus.bot.game.states.GameActiveState - Sending game start message to player 4 in game TEST123
2025-06-11 16:53:42.209 [main] DEBUG com.amongus.bot.game.states.GameActiveState - Sent game start message with keyboard to player Crewmate4 (4)
2025-06-11 16:53:42.209 [main] DEBUG com.amongus.bot.game.states.GameActiveState - Sent detailed task information to player Crewmate4 (4)
2025-06-11 16:53:42.209 [main] DEBUG com.amongus.bot.game.states.GameActiveState - Sending game start message to player 5 in game TEST123
2025-06-11 16:53:42.209 [main] DEBUG com.amongus.bot.game.states.GameActiveState - Sent game start message with keyboard to player Crewmate5 (5)
2025-06-11 16:53:42.209 [main] DEBUG com.amongus.bot.game.states.GameActiveState - Sent detailed task information to player Crewmate5 (5)
2025-06-11 16:53:42.209 [main] DEBUG com.amongus.bot.game.states.GameActiveState - Game TEST123 win condition check: 4 alive crewmates, 1 alive impostors, 0% tasks completed
]]></system-err>
  </testcase>
  <testcase name="testGetStateName" classname="com.amongus.bot.game.states.GameActiveStateTest" time="0.004"/>
  <testcase name="testWinConditionCrewmatesTaskCompletion" classname="com.amongus.bot.game.states.GameActiveStateTest" time="0.006">
    <system-err><![CDATA[2025-06-11 16:53:42.217 [main] INFO com.amongus.bot.game.states.GameActiveState - Entered active game state for game TEST123
2025-06-11 16:53:42.217 [main] DEBUG com.amongus.bot.game.states.GameActiveState - Game state initialized for lobby TEST123
2025-06-11 16:53:42.217 [main] DEBUG com.amongus.bot.game.states.GameActiveState - Sending game start message to player 1 in game TEST123
2025-06-11 16:53:42.217 [main] DEBUG com.amongus.bot.game.states.GameActiveState - Initialized 3 fake tasks for impostor 1
2025-06-11 16:53:42.217 [main] DEBUG com.amongus.bot.game.states.GameActiveState - Sent game start message with keyboard to player Impostor (1)
2025-06-11 16:53:42.217 [main] DEBUG com.amongus.bot.game.states.GameActiveState - Sent detailed task information to player Impostor (1)
2025-06-11 16:53:42.218 [main] DEBUG com.amongus.bot.game.states.GameActiveState - Sending game start message to player 2 in game TEST123
2025-06-11 16:53:42.218 [main] DEBUG com.amongus.bot.game.states.GameActiveState - Sent game start message with keyboard to player Crewmate2 (2)
2025-06-11 16:53:42.218 [main] DEBUG com.amongus.bot.game.states.GameActiveState - Sent detailed task information to player Crewmate2 (2)
2025-06-11 16:53:42.218 [main] DEBUG com.amongus.bot.game.states.GameActiveState - Sending game start message to player 3 in game TEST123
2025-06-11 16:53:42.218 [main] DEBUG com.amongus.bot.game.states.GameActiveState - Sent game start message with keyboard to player Crewmate3 (3)
2025-06-11 16:53:42.218 [main] DEBUG com.amongus.bot.game.states.GameActiveState - Sent detailed task information to player Crewmate3 (3)
2025-06-11 16:53:42.218 [main] DEBUG com.amongus.bot.game.states.GameActiveState - Sending game start message to player 4 in game TEST123
2025-06-11 16:53:42.218 [main] DEBUG com.amongus.bot.game.states.GameActiveState - Sent game start message with keyboard to player Crewmate4 (4)
2025-06-11 16:53:42.218 [main] DEBUG com.amongus.bot.game.states.GameActiveState - Sent detailed task information to player Crewmate4 (4)
2025-06-11 16:53:42.218 [main] DEBUG com.amongus.bot.game.states.GameActiveState - Sending game start message to player 5 in game TEST123
2025-06-11 16:53:42.219 [main] DEBUG com.amongus.bot.game.states.GameActiveState - Sent game start message with keyboard to player Crewmate5 (5)
2025-06-11 16:53:42.219 [main] DEBUG com.amongus.bot.game.states.GameActiveState - Sent detailed task information to player Crewmate5 (5)
2025-06-11 16:53:42.219 [main] DEBUG com.amongus.bot.game.states.GameActiveState - Game TEST123 win condition check: 4 alive crewmates, 1 alive impostors, 100% tasks completed
2025-06-11 16:53:42.219 [main] INFO com.amongus.bot.game.states.GameActiveState - Game TEST123 ended: Crewmates win (all tasks completed)
2025-06-11 16:53:42.221 [main] DEBUG com.amongus.bot.game.states.GameActiveState - Game TEST123 win condition check: 4 alive crewmates, 1 alive impostors, 100% tasks completed
2025-06-11 16:53:42.221 [main] INFO com.amongus.bot.game.states.GameActiveState - Game TEST123 ended: Crewmates win (all tasks completed)
]]></system-err>
  </testcase>
  <testcase name="testFakeTaskActionFromImpostor" classname="com.amongus.bot.game.states.GameActiveStateTest" time="0.005">
    <system-err><![CDATA[2025-06-11 16:53:42.224 [main] INFO com.amongus.bot.game.states.GameActiveState - Entered active game state for game TEST123
2025-06-11 16:53:42.224 [main] DEBUG com.amongus.bot.game.states.GameActiveState - Game state initialized for lobby TEST123
2025-06-11 16:53:42.224 [main] DEBUG com.amongus.bot.game.states.GameActiveState - Sending game start message to player 1 in game TEST123
2025-06-11 16:53:42.224 [main] DEBUG com.amongus.bot.game.states.GameActiveState - Initialized 3 fake tasks for impostor 1
2025-06-11 16:53:42.225 [main] DEBUG com.amongus.bot.game.states.GameActiveState - Sent game start message with keyboard to player Impostor (1)
2025-06-11 16:53:42.225 [main] DEBUG com.amongus.bot.game.states.GameActiveState - Sent detailed task information to player Impostor (1)
2025-06-11 16:53:42.225 [main] DEBUG com.amongus.bot.game.states.GameActiveState - Sending game start message to player 2 in game TEST123
2025-06-11 16:53:42.225 [main] DEBUG com.amongus.bot.game.states.GameActiveState - Sent game start message with keyboard to player Crewmate2 (2)
2025-06-11 16:53:42.225 [main] DEBUG com.amongus.bot.game.states.GameActiveState - Sent detailed task information to player Crewmate2 (2)
2025-06-11 16:53:42.225 [main] DEBUG com.amongus.bot.game.states.GameActiveState - Sending game start message to player 3 in game TEST123
2025-06-11 16:53:42.225 [main] DEBUG com.amongus.bot.game.states.GameActiveState - Sent game start message with keyboard to player Crewmate3 (3)
2025-06-11 16:53:42.225 [main] DEBUG com.amongus.bot.game.states.GameActiveState - Sent detailed task information to player Crewmate3 (3)
2025-06-11 16:53:42.225 [main] DEBUG com.amongus.bot.game.states.GameActiveState - Sending game start message to player 4 in game TEST123
2025-06-11 16:53:42.226 [main] DEBUG com.amongus.bot.game.states.GameActiveState - Sent game start message with keyboard to player Crewmate4 (4)
2025-06-11 16:53:42.226 [main] DEBUG com.amongus.bot.game.states.GameActiveState - Sent detailed task information to player Crewmate4 (4)
2025-06-11 16:53:42.226 [main] DEBUG com.amongus.bot.game.states.GameActiveState - Sending game start message to player 5 in game TEST123
2025-06-11 16:53:42.226 [main] DEBUG com.amongus.bot.game.states.GameActiveState - Sent game start message with keyboard to player Crewmate5 (5)
2025-06-11 16:53:42.226 [main] DEBUG com.amongus.bot.game.states.GameActiveState - Sent detailed task information to player Crewmate5 (5)
2025-06-11 16:53:42.227 [main] INFO com.amongus.bot.game.states.GameActiveState - Impostor 1 requested to fake-complete task 0 in game TEST123, awaiting photo confirmation
2025-06-11 16:53:42.227 [main] DEBUG com.amongus.bot.game.states.GameActiveState - Game TEST123 win condition check: 4 alive crewmates, 1 alive impostors, 0% tasks completed
]]></system-err>
  </testcase>
  <testcase name="testCanPerformActionForImpostor" classname="com.amongus.bot.game.states.GameActiveStateTest" time="0.003"/>
  <testcase name="testReportBodyAction" classname="com.amongus.bot.game.states.GameActiveStateTest" time="0.005">
    <system-err><![CDATA[2025-06-11 16:53:42.232 [main] INFO com.amongus.bot.game.states.GameActiveState - Entered active game state for game TEST123
2025-06-11 16:53:42.232 [main] DEBUG com.amongus.bot.game.states.GameActiveState - Game state initialized for lobby TEST123
2025-06-11 16:53:42.232 [main] DEBUG com.amongus.bot.game.states.GameActiveState - Sending game start message to player 1 in game TEST123
2025-06-11 16:53:42.233 [main] DEBUG com.amongus.bot.game.states.GameActiveState - Initialized 3 fake tasks for impostor 1
2025-06-11 16:53:42.233 [main] DEBUG com.amongus.bot.game.states.GameActiveState - Sent game start message with keyboard to player Impostor (1)
2025-06-11 16:53:42.233 [main] DEBUG com.amongus.bot.game.states.GameActiveState - Sent detailed task information to player Impostor (1)
2025-06-11 16:53:42.233 [main] DEBUG com.amongus.bot.game.states.GameActiveState - Sending game start message to player 2 in game TEST123
2025-06-11 16:53:42.233 [main] DEBUG com.amongus.bot.game.states.GameActiveState - Sent game start message with keyboard to player Crewmate2 (2)
2025-06-11 16:53:42.233 [main] DEBUG com.amongus.bot.game.states.GameActiveState - Sent detailed task information to player Crewmate2 (2)
2025-06-11 16:53:42.233 [main] DEBUG com.amongus.bot.game.states.GameActiveState - Sending game start message to player 3 in game TEST123
2025-06-11 16:53:42.233 [main] DEBUG com.amongus.bot.game.states.GameActiveState - Sent game start message with keyboard to player Crewmate3 (3)
2025-06-11 16:53:42.233 [main] DEBUG com.amongus.bot.game.states.GameActiveState - Sent detailed task information to player Crewmate3 (3)
2025-06-11 16:53:42.233 [main] DEBUG com.amongus.bot.game.states.GameActiveState - Sending game start message to player 4 in game TEST123
2025-06-11 16:53:42.233 [main] DEBUG com.amongus.bot.game.states.GameActiveState - Sent game start message with keyboard to player Crewmate4 (4)
2025-06-11 16:53:42.233 [main] DEBUG com.amongus.bot.game.states.GameActiveState - Sent detailed task information to player Crewmate4 (4)
2025-06-11 16:53:42.233 [main] DEBUG com.amongus.bot.game.states.GameActiveState - Sending game start message to player 5 in game TEST123
2025-06-11 16:53:42.234 [main] DEBUG com.amongus.bot.game.states.GameActiveState - Sent game start message with keyboard to player Crewmate5 (5)
2025-06-11 16:53:42.234 [main] DEBUG com.amongus.bot.game.states.GameActiveState - Sent detailed task information to player Crewmate5 (5)
2025-06-11 16:53:42.234 [main] INFO com.amongus.bot.game.states.GameActiveState - Player 2 reported a body in game TEST123
]]></system-err>
  </testcase>
  <testcase name="testEmergencyMeetingAction" classname="com.amongus.bot.game.states.GameActiveStateTest" time="0.005">
    <system-err><![CDATA[2025-06-11 16:53:42.238 [main] INFO com.amongus.bot.game.states.GameActiveState - Entered active game state for game TEST123
2025-06-11 16:53:42.238 [main] DEBUG com.amongus.bot.game.states.GameActiveState - Game state initialized for lobby TEST123
2025-06-11 16:53:42.238 [main] DEBUG com.amongus.bot.game.states.GameActiveState - Sending game start message to player 1 in game TEST123
2025-06-11 16:53:42.238 [main] DEBUG com.amongus.bot.game.states.GameActiveState - Initialized 3 fake tasks for impostor 1
2025-06-11 16:53:42.238 [main] DEBUG com.amongus.bot.game.states.GameActiveState - Sent game start message with keyboard to player Impostor (1)
2025-06-11 16:53:42.238 [main] DEBUG com.amongus.bot.game.states.GameActiveState - Sent detailed task information to player Impostor (1)
2025-06-11 16:53:42.239 [main] DEBUG com.amongus.bot.game.states.GameActiveState - Sending game start message to player 2 in game TEST123
2025-06-11 16:53:42.239 [main] DEBUG com.amongus.bot.game.states.GameActiveState - Sent game start message with keyboard to player Crewmate2 (2)
2025-06-11 16:53:42.239 [main] DEBUG com.amongus.bot.game.states.GameActiveState - Sent detailed task information to player Crewmate2 (2)
2025-06-11 16:53:42.239 [main] DEBUG com.amongus.bot.game.states.GameActiveState - Sending game start message to player 3 in game TEST123
2025-06-11 16:53:42.239 [main] DEBUG com.amongus.bot.game.states.GameActiveState - Sent game start message with keyboard to player Crewmate3 (3)
2025-06-11 16:53:42.239 [main] DEBUG com.amongus.bot.game.states.GameActiveState - Sent detailed task information to player Crewmate3 (3)
2025-06-11 16:53:42.239 [main] DEBUG com.amongus.bot.game.states.GameActiveState - Sending game start message to player 4 in game TEST123
2025-06-11 16:53:42.239 [main] DEBUG com.amongus.bot.game.states.GameActiveState - Sent game start message with keyboard to player Crewmate4 (4)
2025-06-11 16:53:42.240 [main] DEBUG com.amongus.bot.game.states.GameActiveState - Sent detailed task information to player Crewmate4 (4)
2025-06-11 16:53:42.240 [main] DEBUG com.amongus.bot.game.states.GameActiveState - Sending game start message to player 5 in game TEST123
2025-06-11 16:53:42.240 [main] DEBUG com.amongus.bot.game.states.GameActiveState - Sent game start message with keyboard to player Crewmate5 (5)
2025-06-11 16:53:42.240 [main] DEBUG com.amongus.bot.game.states.GameActiveState - Sent detailed task information to player Crewmate5 (5)
2025-06-11 16:53:42.240 [main] INFO com.amongus.bot.game.states.GameActiveState - Player 2 called an emergency meeting in game TEST123
]]></system-err>
  </testcase>
  <testcase name="testTaskActionFromCrewmate" classname="com.amongus.bot.game.states.GameActiveStateTest" time="0.006">
    <system-err><![CDATA[2025-06-11 16:53:42.245 [main] INFO com.amongus.bot.game.states.GameActiveState - Entered active game state for game TEST123
2025-06-11 16:53:42.245 [main] DEBUG com.amongus.bot.game.states.GameActiveState - Game state initialized for lobby TEST123
2025-06-11 16:53:42.245 [main] DEBUG com.amongus.bot.game.states.GameActiveState - Sending game start message to player 1 in game TEST123
2025-06-11 16:53:42.246 [main] DEBUG com.amongus.bot.game.states.GameActiveState - Initialized 3 fake tasks for impostor 1
2025-06-11 16:53:42.246 [main] DEBUG com.amongus.bot.game.states.GameActiveState - Sent game start message with keyboard to player Impostor (1)
2025-06-11 16:53:42.246 [main] DEBUG com.amongus.bot.game.states.GameActiveState - Sent detailed task information to player Impostor (1)
2025-06-11 16:53:42.246 [main] DEBUG com.amongus.bot.game.states.GameActiveState - Sending game start message to player 2 in game TEST123
2025-06-11 16:53:42.246 [main] DEBUG com.amongus.bot.game.states.GameActiveState - Sent game start message with keyboard to player Crewmate2 (2)
2025-06-11 16:53:42.246 [main] DEBUG com.amongus.bot.game.states.GameActiveState - Sent detailed task information to player Crewmate2 (2)
2025-06-11 16:53:42.246 [main] DEBUG com.amongus.bot.game.states.GameActiveState - Sending game start message to player 3 in game TEST123
2025-06-11 16:53:42.246 [main] DEBUG com.amongus.bot.game.states.GameActiveState - Sent game start message with keyboard to player Crewmate3 (3)
2025-06-11 16:53:42.246 [main] DEBUG com.amongus.bot.game.states.GameActiveState - Sent detailed task information to player Crewmate3 (3)
2025-06-11 16:53:42.246 [main] DEBUG com.amongus.bot.game.states.GameActiveState - Sending game start message to player 4 in game TEST123
2025-06-11 16:53:42.246 [main] DEBUG com.amongus.bot.game.states.GameActiveState - Sent game start message with keyboard to player Crewmate4 (4)
2025-06-11 16:53:42.247 [main] DEBUG com.amongus.bot.game.states.GameActiveState - Sent detailed task information to player Crewmate4 (4)
2025-06-11 16:53:42.247 [main] DEBUG com.amongus.bot.game.states.GameActiveState - Sending game start message to player 5 in game TEST123
2025-06-11 16:53:42.247 [main] DEBUG com.amongus.bot.game.states.GameActiveState - Sent game start message with keyboard to player Crewmate5 (5)
2025-06-11 16:53:42.247 [main] DEBUG com.amongus.bot.game.states.GameActiveState - Sent detailed task information to player Crewmate5 (5)
2025-06-11 16:53:42.247 [main] INFO com.amongus.bot.game.states.GameActiveState - Player 2 requested to complete task 0 in game TEST123, awaiting photo confirmation
2025-06-11 16:53:42.247 [main] DEBUG com.amongus.bot.game.states.GameActiveState - Game TEST123 win condition check: 4 alive crewmates, 1 alive impostors, 0% tasks completed
]]></system-err>
  </testcase>
  <testcase name="testCanPerformActionForDeadPlayer" classname="com.amongus.bot.game.states.GameActiveStateTest" time="0.001"/>
  <testcase name="testScanAction" classname="com.amongus.bot.game.states.GameActiveStateTest" time="0.003">
    <system-err><![CDATA[2025-06-11 16:53:42.251 [main] INFO com.amongus.bot.game.states.GameActiveState - Entered active game state for game TEST123
2025-06-11 16:53:42.251 [main] DEBUG com.amongus.bot.game.states.GameActiveState - Game state initialized for lobby TEST123
2025-06-11 16:53:42.251 [main] DEBUG com.amongus.bot.game.states.GameActiveState - Sending game start message to player 1 in game TEST123
2025-06-11 16:53:42.251 [main] DEBUG com.amongus.bot.game.states.GameActiveState - Initialized 3 fake tasks for impostor 1
2025-06-11 16:53:42.251 [main] DEBUG com.amongus.bot.game.states.GameActiveState - Sent game start message with keyboard to player Impostor (1)
2025-06-11 16:53:42.251 [main] DEBUG com.amongus.bot.game.states.GameActiveState - Sent detailed task information to player Impostor (1)
2025-06-11 16:53:42.251 [main] DEBUG com.amongus.bot.game.states.GameActiveState - Sending game start message to player 2 in game TEST123
2025-06-11 16:53:42.251 [main] DEBUG com.amongus.bot.game.states.GameActiveState - Sent game start message with keyboard to player Crewmate2 (2)
2025-06-11 16:53:42.252 [main] DEBUG com.amongus.bot.game.states.GameActiveState - Sent detailed task information to player Crewmate2 (2)
2025-06-11 16:53:42.252 [main] DEBUG com.amongus.bot.game.states.GameActiveState - Sending game start message to player 3 in game TEST123
2025-06-11 16:53:42.252 [main] DEBUG com.amongus.bot.game.states.GameActiveState - Sent game start message with keyboard to player Crewmate3 (3)
2025-06-11 16:53:42.252 [main] DEBUG com.amongus.bot.game.states.GameActiveState - Sent detailed task information to player Crewmate3 (3)
2025-06-11 16:53:42.252 [main] DEBUG com.amongus.bot.game.states.GameActiveState - Sending game start message to player 4 in game TEST123
2025-06-11 16:53:42.252 [main] DEBUG com.amongus.bot.game.states.GameActiveState - Sent game start message with keyboard to player Crewmate4 (4)
2025-06-11 16:53:42.252 [main] DEBUG com.amongus.bot.game.states.GameActiveState - Sent detailed task information to player Crewmate4 (4)
2025-06-11 16:53:42.252 [main] DEBUG com.amongus.bot.game.states.GameActiveState - Sending game start message to player 5 in game TEST123
2025-06-11 16:53:42.252 [main] DEBUG com.amongus.bot.game.states.GameActiveState - Sent game start message with keyboard to player Crewmate5 (5)
2025-06-11 16:53:42.252 [main] DEBUG com.amongus.bot.game.states.GameActiveState - Sent detailed task information to player Crewmate5 (5)
2025-06-11 16:53:42.252 [main] INFO com.amongus.bot.game.states.GameActiveState - Player 2 performed scan in game TEST123
2025-06-11 16:53:42.252 [main] DEBUG com.amongus.bot.game.states.GameActiveState - Updated action keyboard for player 2 in game TEST123
2025-06-11 16:53:42.252 [main] DEBUG com.amongus.bot.game.states.GameActiveState - Game TEST123 win condition check: 4 alive crewmates, 1 alive impostors, 0% tasks completed
]]></system-err>
  </testcase>
  <testcase name="testCanPerformActionForCrewmate" classname="com.amongus.bot.game.states.GameActiveStateTest" time="0.002"/>
</testsuite>